0 verbose cli /usr/local/bin/node /usr/local/bin/npm
1 info using npm@9.9.4
2 info using node@v19.9.0
3 timing npm:load:whichnode Completed in 12ms
4 timing config:load:defaults Completed in 39ms
5 timing config:load:file:/usr/local/lib/node_modules/npm/npmrc Completed in 7ms
6 timing config:load:builtin Completed in 37ms
7 timing config:load:cli Completed in 139ms
8 timing config:load:env Completed in 1ms
9 timing config:load:project Completed in 7ms
10 timing config:load:file:/home/container/.npmrc Completed in 0ms
11 timing config:load:user Completed in 0ms
12 timing config:load:file:/usr/local/etc/npmrc Completed in 3ms
13 timing config:load:global Completed in 5ms
14 timing config:load:setEnvs Completed in 3ms
15 timing config:load Completed in 234ms
16 timing npm:load:configload Completed in 234ms
17 timing config:load:flatten Completed in 16ms
18 timing npm:load:mkdirpcache Completed in 2ms
19 timing npm:load:mkdirplogs Completed in 2ms
20 verbose title npm install
21 verbose argv "install"
22 timing npm:load:setTitle Completed in 3ms
23 timing npm:load:display Completed in 2ms
24 verbose logfile logs-max:10 dir:/home/container/.npm/_logs/2026-01-16T14_47_41_266Z-
25 verbose logfile /home/container/.npm/_logs/2026-01-16T14_47_41_266Z-debug-0.log
26 timing npm:load:logFile Completed in 33ms
27 timing npm:load:timers Completed in 0ms
28 timing npm:load:configScope Completed in 1ms
29 timing npm:load Completed in 387ms
30 timing arborist:ctor Completed in 2ms
31 silly logfile done cleaning log files
32 timing idealTree:init Completed in 213ms
33 timing idealTree:userRequests Completed in 1ms
34 silly idealTree buildDeps
35 timing idealTree:#root Completed in 0ms
36 timing idealTree:buildDeps Completed in 4ms
37 timing idealTree:fixDepFlags Completed in 0ms
38 timing idealTree Completed in 227ms
39 timing arborist:ctor Completed in 0ms
40 timing reify:loadTrees Completed in 333ms
41 timing reify:diffTrees Completed in 11ms
42 silly reify moves {}
43 timing reify:retireShallow Completed in 3ms
44 timing reify:createSparse Completed in 1ms
45 timing reify:loadBundles Completed in 0ms
46 silly audit bulk request {
46 silly audit   '@discordjs/builders': [ '1.13.1' ],
46 silly audit   '@discordjs/collection': [ '1.5.3', '2.1.1' ],
46 silly audit   '@discordjs/formatters': [ '0.6.2' ],
46 silly audit   '@discordjs/rest': [ '2.6.0' ],
46 silly audit   '@discordjs/util': [ '1.2.0' ],
46 silly audit   '@discordjs/ws': [ '1.2.3' ],
46 silly audit   '@sapphire/async-queue': [ '1.5.5' ],
46 silly audit   '@sapphire/shapeshift': [ '4.0.0' ],
46 silly audit   '@sapphire/snowflake': [ '3.5.3' ],
46 silly audit   '@types/node': [ '25.0.9' ],
46 silly audit   '@types/ws': [ '8.18.1' ],
46 silly audit   '@vladfrangu/async_event_emitter': [ '2.4.7' ],
46 silly audit   'discord-api-types': [ '0.38.37' ],
46 silly audit   'discord.js': [ '14.25.1' ],
46 silly audit   dotenv: [ '17.2.3' ],
46 silly audit   'fast-deep-equal': [ '3.1.3' ],
46 silly audit   lodash: [ '4.17.21' ],
46 silly audit   'lodash.snakecase': [ '4.1.1' ],
46 silly audit   'magic-bytes.js': [ '1.12.1' ],
46 silly audit   'ts-mixer': [ '6.0.4' ],
46 silly audit   tslib: [ '2.8.1' ],
46 silly audit   undici: [ '6.21.3' ],
46 silly audit   'undici-types': [ '7.16.0' ],
46 silly audit   ws: [ '8.19.0' ]
46 silly audit }
47 timing reify:unpack Completed in 51ms
48 timing reify:unretire Completed in 0ms
49 timing build:queue Completed in 0ms
50 timing build:deps Completed in 2ms
51 timing build Completed in 3ms
52 timing reify:build Completed in 5ms
53 timing reify:trash Completed in 0ms
54 timing reify:save Completed in 113ms
55 http fetch POST 200 https://registry.npmjs.org/-/npm/v1/security/advisories/bulk 911ms
56 timing auditReport:getReport Completed in 923ms
57 silly audit report {
57 silly audit report   undici: [
57 silly audit report     {
57 silly audit report       id: 1112153,
57 silly audit report       url: 'https://github.com/advisories/GHSA-g9mf-h72j-4rw9',
57 silly audit report       title: 'Undici has an unbounded decompression chain in HTTP responses on Node.js Fetch API via Content-Encoding leads to resource exhaustion',
57 silly audit report       severity: 'low',
57 silly audit report       vulnerable_versions: '<6.23.0',
57 silly audit report       cwe: [Array],
57 silly audit report       cvss: [Object]
57 silly audit report     }
57 silly audit report   ]
57 silly audit report }
58 timing metavuln:cache:get:security-advisory:undici:5FNYRwtNSN+iqdwXSmnh3ogFGURq+/FfOaiaQiqQ71iNjRKnkK/Z1Hdc7PJ3HNfy0Q3LWLw0oJXM183voXHlpg== Completed in 44ms
59 http fetch GET 200 https://registry.npmjs.org/undici 180ms (cache revalidated)
60 timing metavuln:packument:undici Completed in 202ms
61 timing metavuln:load:security-advisory:undici:1112153 Completed in 10ms
62 timing metavuln:calculate:security-advisory:undici:1112153 Completed in 215ms
63 timing metavuln:cache:get:security-advisory:@discordjs/rest:YG6M2hWBmowlZ0/CCQkvn1XjBkzlAiUH7knLqiH4Fzc0mXRbGLPX3IXZzi6thCI3RjXD0+SEYRRWVyZ2DYdiaw== Completed in 48ms
64 timing metavuln:cache:get:security-advisory:discord.js:WZs+517Ul/NMPUDCnv6g1om8ofThZ8x7Mk5HgMayuqT9Jja5z0zvG2PRJNmYfXKN86gNKvjyczkgbFrMkinw6w== Completed in 47ms
65 http fetch GET 200 https://registry.npmjs.org/discord.js 222ms (cache revalidated)
66 timing metavuln:packument:discord.js Completed in 337ms
67 timing metavuln:load:security-advisory:discord.js:5FNYRwtNSN+iqdwXSmnh3ogFGURq+/FfOaiaQiqQ71iNjRKnkK/Z1Hdc7PJ3HNfy0Q3LWLw0oJXM183voXHlpg== Completed in 583ms
68 timing metavuln:calculate:security-advisory:discord.js:5FNYRwtNSN+iqdwXSmnh3ogFGURq+/FfOaiaQiqQ71iNjRKnkK/Z1Hdc7PJ3HNfy0Q3LWLw0oJXM183voXHlpg== Completed in 922ms
69 http fetch GET 200 https://registry.npmjs.org/@discordjs%2frest 1139ms (cache revalidated)
70 timing metavuln:packument:@discordjs/rest Completed in 1317ms
71 timing metavuln:load:security-advisory:@discordjs/rest:5FNYRwtNSN+iqdwXSmnh3ogFGURq+/FfOaiaQiqQ71iNjRKnkK/Z1Hdc7PJ3HNfy0Q3LWLw0oJXM183voXHlpg== Completed in 264ms
72 timing metavuln:calculate:security-advisory:@discordjs/rest:5FNYRwtNSN+iqdwXSmnh3ogFGURq+/FfOaiaQiqQ71iNjRKnkK/Z1Hdc7PJ3HNfy0Q3LWLw0oJXM183voXHlpg== Completed in 1589ms
73 timing metavuln:cache:get:security-advisory:@discordjs/ws:ZKpSNlc24219aMJtHhI/F7UuY/wlP3R9Lfk0M4po15UmqW85Y3tmsxQUKUEw9fQwy73/dnaxC3OGE11QpWkwxg== Completed in 236ms
74 timing metavuln:cache:get:security-advisory:discord.js:0Wr/fL3qgUBePCa+22WeopmBRs5EcpmqdIFXAU8nrcL5lVrwQIiGAj+IFDRPkusEL+zrxqP9Os0eRLecAwzTIA== Completed in 295ms
75 timing metavuln:load:security-advisory:discord.js:YG6M2hWBmowlZ0/CCQkvn1XjBkzlAiUH7knLqiH4Fzc0mXRbGLPX3IXZzi6thCI3RjXD0+SEYRRWVyZ2DYdiaw== Completed in 243ms
76 timing metavuln:calculate:security-advisory:discord.js:YG6M2hWBmowlZ0/CCQkvn1XjBkzlAiUH7knLqiH4Fzc0mXRbGLPX3IXZzi6thCI3RjXD0+SEYRRWVyZ2DYdiaw== Completed in 540ms
77 http fetch GET 200 https://registry.npmjs.org/@discordjs%2fws 729ms (cache revalidated)
78 timing metavuln:packument:@discordjs/ws Completed in 813ms
79 timing metavuln:load:security-advisory:@discordjs/ws:YG6M2hWBmowlZ0/CCQkvn1XjBkzlAiUH7knLqiH4Fzc0mXRbGLPX3IXZzi6thCI3RjXD0+SEYRRWVyZ2DYdiaw== Completed in 67ms
80 timing metavuln:calculate:security-advisory:@discordjs/ws:YG6M2hWBmowlZ0/CCQkvn1XjBkzlAiUH7knLqiH4Fzc0mXRbGLPX3IXZzi6thCI3RjXD0+SEYRRWVyZ2DYdiaw== Completed in 882ms
81 timing metavuln:cache:get:security-advisory:discord.js:E5+YtJYkZ8sflQ13kNzV3oOgZAQTbAioGFhYJ2XvCDr5bhvMNHgUaiAsMLjODMMYv/oyA+Ca3AEhJwJ5NnRdGA== Completed in 13ms
82 timing metavuln:load:security-advisory:discord.js:ZKpSNlc24219aMJtHhI/F7UuY/wlP3R9Lfk0M4po15UmqW85Y3tmsxQUKUEw9fQwy73/dnaxC3OGE11QpWkwxg== Completed in 93ms
83 timing metavuln:calculate:security-advisory:discord.js:ZKpSNlc24219aMJtHhI/F7UuY/wlP3R9Lfk0M4po15UmqW85Y3tmsxQUKUEw9fQwy73/dnaxC3OGE11QpWkwxg== Completed in 106ms
84 timing auditReport:init Completed in 4945ms
85 timing reify:audit Completed in 5873ms
86 timing reify Completed in 6232ms
87 timing command:install Completed in 7149ms
88 verbose exit 0
89 timing npm Completed in 9370ms
90 info ok
