0 verbose cli /usr/local/bin/node /usr/local/bin/npm
1 info using npm@9.9.4
2 info using node@v19.9.0
3 timing npm:load:whichnode Completed in 49ms
4 timing config:load:defaults Completed in 9ms
5 timing config:load:file:/usr/local/lib/node_modules/npm/npmrc Completed in 5ms
6 timing config:load:builtin Completed in 6ms
7 timing config:load:cli Completed in 13ms
8 timing config:load:env Completed in 2ms
9 timing config:load:project Completed in 4ms
10 timing config:load:file:/home/container/.npmrc Completed in 1ms
11 timing config:load:user Completed in 3ms
12 timing config:load:file:/usr/local/etc/npmrc Completed in 1ms
13 timing config:load:global Completed in 2ms
14 timing config:load:setEnvs Completed in 5ms
15 timing config:load Completed in 50ms
16 timing npm:load:configload Completed in 50ms
17 timing config:load:flatten Completed in 24ms
18 timing npm:load:mkdirpcache Completed in 5ms
19 timing npm:load:mkdirplogs Completed in 1ms
20 verbose title npm install
21 verbose argv "install"
22 timing npm:load:setTitle Completed in 19ms
23 timing npm:load:display Completed in 2ms
24 verbose logfile logs-max:10 dir:/home/container/.npm/_logs/2026-02-04T00_06_35_767Z-
25 verbose logfile /home/container/.npm/_logs/2026-02-04T00_06_35_767Z-debug-0.log
26 timing npm:load:logFile Completed in 69ms
27 timing npm:load:timers Completed in 0ms
28 timing npm:load:configScope Completed in 0ms
29 timing npm:load Completed in 431ms
30 timing arborist:ctor Completed in 38ms
31 silly logfile start cleaning logs, removing 1 files
32 silly logfile done cleaning log files
33 timing idealTree:init Completed in 763ms
34 timing idealTree:userRequests Completed in 0ms
35 silly idealTree buildDeps
36 timing idealTree:#root Completed in 1ms
37 timing idealTree:buildDeps Completed in 3ms
38 timing idealTree:fixDepFlags Completed in 1ms
39 timing idealTree Completed in 776ms
40 timing arborist:ctor Completed in 1ms
41 timing reify:loadTrees Completed in 1098ms
42 timing reify:diffTrees Completed in 22ms
43 silly reify moves {}
44 timing reify:retireShallow Completed in 11ms
45 timing reify:createSparse Completed in 0ms
46 timing reify:loadBundles Completed in 0ms
47 silly audit bulk request {
47 silly audit   '@discordjs/builders': [ '1.13.1' ],
47 silly audit   '@discordjs/collection': [ '1.5.3', '2.1.1' ],
47 silly audit   '@discordjs/formatters': [ '0.6.2' ],
47 silly audit   '@discordjs/rest': [ '2.6.0' ],
47 silly audit   '@discordjs/util': [ '1.2.0' ],
47 silly audit   '@discordjs/ws': [ '1.2.3' ],
47 silly audit   '@sapphire/async-queue': [ '1.5.5' ],
47 silly audit   '@sapphire/shapeshift': [ '4.0.0' ],
47 silly audit   '@sapphire/snowflake': [ '3.5.3' ],
47 silly audit   '@types/node': [ '25.0.9' ],
47 silly audit   '@types/ws': [ '8.18.1' ],
47 silly audit   '@vladfrangu/async_event_emitter': [ '2.4.7' ],
47 silly audit   'discord-api-types': [ '0.38.37' ],
47 silly audit   'discord.js': [ '14.25.1' ],
47 silly audit   dotenv: [ '17.2.3' ],
47 silly audit   'fast-deep-equal': [ '3.1.3' ],
47 silly audit   lodash: [ '4.17.21' ],
47 silly audit   'lodash.snakecase': [ '4.1.1' ],
47 silly audit   'magic-bytes.js': [ '1.12.1' ],
47 silly audit   'node-fetch': [ '2.7.0' ],
47 silly audit   tr46: [ '0.0.3' ],
47 silly audit   'ts-mixer': [ '6.0.4' ],
47 silly audit   tslib: [ '2.8.1' ],
47 silly audit   undici: [ '6.21.3' ],
47 silly audit   'undici-types': [ '7.16.0' ],
47 silly audit   'webidl-conversions': [ '3.0.1' ],
47 silly audit   'whatwg-url': [ '5.0.0' ],
47 silly audit   ws: [ '8.19.0' ]
47 silly audit }
48 timing reify:unpack Completed in 8ms
49 timing reify:unretire Completed in 0ms
50 timing build:queue Completed in 6ms
51 timing build:deps Completed in 11ms
52 timing build Completed in 31ms
53 timing reify:build Completed in 33ms
54 timing reify:trash Completed in 0ms
55 timing reify:save Completed in 136ms
56 http fetch POST 200 https://registry.npmjs.org/-/npm/v1/security/advisories/bulk 1096ms
57 timing auditReport:getReport Completed in 1115ms
58 silly audit report {
58 silly audit report   lodash: [
58 silly audit report     {
58 silly audit report       id: 1112455,
58 silly audit report       url: 'https://github.com/advisories/GHSA-xxjr-mmjv-4gpg',
58 silly audit report       title: 'Lodash has Prototype Pollution Vulnerability in `_.unset` and `_.omit` functions',
58 silly audit report       severity: 'moderate',
58 silly audit report       vulnerable_versions: '>=4.0.0 <=4.17.22',
58 silly audit report       cwe: [Array],
58 silly audit report       cvss: [Object]
58 silly audit report     }
58 silly audit report   ],
58 silly audit report   undici: [
58 silly audit report     {
58 silly audit report       id: 1112496,
58 silly audit report       url: 'https://github.com/advisories/GHSA-g9mf-h72j-4rw9',
58 silly audit report       title: 'Undici has an unbounded decompression chain in HTTP responses on Node.js Fetch API via Content-Encoding leads to resource exhaustion',
58 silly audit report       severity: 'moderate',
58 silly audit report       vulnerable_versions: '<6.23.0',
58 silly audit report       cwe: [Array],
58 silly audit report       cvss: [Object]
58 silly audit report     }
58 silly audit report   ]
58 silly audit report }
59 timing metavuln:cache:get:security-advisory:lodash:OGNA5lR8rR8aeucWHqvJLBV5oaroI/lF2JfG9J2l63dx9uiGUyHuI4ymC6nv+dqWwxtqCIMcqBukiWYEiF5/RQ== Completed in 126ms
60 timing metavuln:cache:get:security-advisory:undici:1/WUXNn7xp8QIxaZBTaUcktiVwkOnmSvwgfb1Rj47N3I6JV0b/fBGrXtK2IlcAMucd6B6lEd6IwB6aXkLT4iiQ== Completed in 119ms
61 http fetch GET 200 https://registry.npmjs.org/lodash 463ms (cache revalidated)
62 timing metavuln:packument:lodash Completed in 469ms
63 timing metavuln:load:security-advisory:lodash:1112455 Completed in 4ms
64 timing metavuln:calculate:security-advisory:lodash:1112455 Completed in 477ms
65 http fetch GET 200 https://registry.npmjs.org/undici 471ms (cache updated)
66 timing metavuln:packument:undici Completed in 493ms
67 timing metavuln:load:security-advisory:undici:1112496 Completed in 6ms
68 timing metavuln:cache:put:security-advisory:undici:1/WUXNn7xp8QIxaZBTaUcktiVwkOnmSvwgfb1Rj47N3I6JV0b/fBGrXtK2IlcAMucd6B6lEd6IwB6aXkLT4iiQ== Completed in 26ms
69 timing metavuln:calculate:security-advisory:undici:1112496 Completed in 534ms
70 timing metavuln:cache:get:security-advisory:@sapphire/shapeshift:nw3h3ZGN6YjlWNiKH6K8hrRljWUAF9TQnDG+Dfbt/CQRiMPhZvWyHWuf7uBH2kpqYi8KiSevFcQX5oRGpVH7Vw== Completed in 38ms
71 http fetch GET 200 https://registry.npmjs.org/@sapphire%2fshapeshift 473ms (cache revalidated)
72 timing metavuln:packument:@sapphire/shapeshift Completed in 512ms
73 timing metavuln:load:security-advisory:@sapphire/shapeshift:OGNA5lR8rR8aeucWHqvJLBV5oaroI/lF2JfG9J2l63dx9uiGUyHuI4ymC6nv+dqWwxtqCIMcqBukiWYEiF5/RQ== Completed in 19ms
74 timing metavuln:calculate:security-advisory:@sapphire/shapeshift:OGNA5lR8rR8aeucWHqvJLBV5oaroI/lF2JfG9J2l63dx9uiGUyHuI4ymC6nv+dqWwxtqCIMcqBukiWYEiF5/RQ== Completed in 533ms
75 timing metavuln:cache:get:security-advisory:discord.js:qXaX+8ZuJyWYyBJaMITUNbdmRQNia+IkEyGeAJDuDEguz9imefhEYl/f0S9uvIV8XsCbipDZkqZCmzYrvXU3fQ== Completed in 43ms
76 timing metavuln:cache:get:security-advisory:@discordjs/rest:h4TZ85F00vn7iL/g/NlNvPCCBQDYaTqCI8fJpR6mtk8zQUKyyLIn5LlhFpJUbin1Qr3uppmyR2BO6bAcTvTuQg== Completed in 84ms
77 http fetch GET 200 https://registry.npmjs.org/discord.js 441ms (cache revalidated)
78 timing metavuln:packument:discord.js Completed in 532ms
79 timing metavuln:load:security-advisory:discord.js:1/WUXNn7xp8QIxaZBTaUcktiVwkOnmSvwgfb1Rj47N3I6JV0b/fBGrXtK2IlcAMucd6B6lEd6IwB6aXkLT4iiQ== Completed in 1530ms
80 timing metavuln:cache:put:security-advisory:discord.js:qXaX+8ZuJyWYyBJaMITUNbdmRQNia+IkEyGeAJDuDEguz9imefhEYl/f0S9uvIV8XsCbipDZkqZCmzYrvXU3fQ== Completed in 213ms
81 timing metavuln:calculate:security-advisory:discord.js:1/WUXNn7xp8QIxaZBTaUcktiVwkOnmSvwgfb1Rj47N3I6JV0b/fBGrXtK2IlcAMucd6B6lEd6IwB6aXkLT4iiQ== Completed in 2278ms
82 http fetch GET 200 https://registry.npmjs.org/@discordjs%2frest 3253ms (cache revalidated)
83 timing metavuln:packument:@discordjs/rest Completed in 3337ms
84 timing metavuln:load:security-advisory:@discordjs/rest:1/WUXNn7xp8QIxaZBTaUcktiVwkOnmSvwgfb1Rj47N3I6JV0b/fBGrXtK2IlcAMucd6B6lEd6IwB6aXkLT4iiQ== Completed in 635ms
85 timing metavuln:cache:put:security-advisory:@discordjs/rest:h4TZ85F00vn7iL/g/NlNvPCCBQDYaTqCI8fJpR6mtk8zQUKyyLIn5LlhFpJUbin1Qr3uppmyR2BO6bAcTvTuQg== Completed in 37ms
86 timing metavuln:calculate:security-advisory:@discordjs/rest:1/WUXNn7xp8QIxaZBTaUcktiVwkOnmSvwgfb1Rj47N3I6JV0b/fBGrXtK2IlcAMucd6B6lEd6IwB6aXkLT4iiQ== Completed in 4025ms
87 timing metavuln:cache:get:security-advisory:@discordjs/ws:WmA3QXsTfbJ+mwulkhEoBkflEu18Ep0ujZUGOxAHHoYdKRWYZ23aF0acyikTpfLDWfgp81rZiHw7IdyPU7oxXQ== Completed in 75ms
88 timing metavuln:cache:get:security-advisory:discord.js:ozdMk68gx+moFh1lTsR0K9YcLvbpKeu/d6ebip9i1ueBprnAcXgT78mgf2i7LeDsyBfpRbQCWLsETLU6W2bNcw== Completed in 133ms
89 timing metavuln:load:security-advisory:discord.js:h4TZ85F00vn7iL/g/NlNvPCCBQDYaTqCI8fJpR6mtk8zQUKyyLIn5LlhFpJUbin1Qr3uppmyR2BO6bAcTvTuQg== Completed in 7466ms
90 timing metavuln:cache:put:security-advisory:discord.js:ozdMk68gx+moFh1lTsR0K9YcLvbpKeu/d6ebip9i1ueBprnAcXgT78mgf2i7LeDsyBfpRbQCWLsETLU6W2bNcw== Completed in 86ms
91 timing metavuln:calculate:security-advisory:discord.js:h4TZ85F00vn7iL/g/NlNvPCCBQDYaTqCI8fJpR6mtk8zQUKyyLIn5LlhFpJUbin1Qr3uppmyR2BO6bAcTvTuQg== Completed in 7686ms
92 http fetch GET 200 https://registry.npmjs.org/@discordjs%2fws 8220ms (cache revalidated)
93 timing metavuln:packument:@discordjs/ws Completed in 8282ms
94 timing metavuln:load:security-advisory:@discordjs/ws:h4TZ85F00vn7iL/g/NlNvPCCBQDYaTqCI8fJpR6mtk8zQUKyyLIn5LlhFpJUbin1Qr3uppmyR2BO6bAcTvTuQg== Completed in 741ms
95 timing metavuln:cache:put:security-advisory:@discordjs/ws:WmA3QXsTfbJ+mwulkhEoBkflEu18Ep0ujZUGOxAHHoYdKRWYZ23aF0acyikTpfLDWfgp81rZiHw7IdyPU7oxXQ== Completed in 50ms
96 timing metavuln:calculate:security-advisory:@discordjs/ws:h4TZ85F00vn7iL/g/NlNvPCCBQDYaTqCI8fJpR6mtk8zQUKyyLIn5LlhFpJUbin1Qr3uppmyR2BO6bAcTvTuQg== Completed in 9076ms
97 timing metavuln:cache:get:security-advisory:discord.js:l+/oAPNmtde3w1tVNubTcUVP7bzq0kdV+vwtJa7aJ7QpQt7scCXCrhfSCTDQxmW3zAliDF8wSxsGDU24je4SoQ== Completed in 224ms
98 timing metavuln:load:security-advisory:discord.js:WmA3QXsTfbJ+mwulkhEoBkflEu18Ep0ujZUGOxAHHoYdKRWYZ23aF0acyikTpfLDWfgp81rZiHw7IdyPU7oxXQ== Completed in 5622ms
99 timing metavuln:cache:put:security-advisory:discord.js:l+/oAPNmtde3w1tVNubTcUVP7bzq0kdV+vwtJa7aJ7QpQt7scCXCrhfSCTDQxmW3zAliDF8wSxsGDU24je4SoQ== Completed in 29ms
100 timing metavuln:calculate:security-advisory:discord.js:WmA3QXsTfbJ+mwulkhEoBkflEu18Ep0ujZUGOxAHHoYdKRWYZ23aF0acyikTpfLDWfgp81rZiHw7IdyPU7oxXQ== Completed in 5877ms
101 timing auditReport:init Completed in 20742ms
102 timing reify:audit Completed in 21864ms
103 timing reify Completed in 23097ms
104 timing command:install Completed in 24043ms
105 verbose exit 0
106 timing npm Completed in 26146ms
107 info ok
